


ARM Macro Assembler    Page 1 


    1 00000000         ;/******************************************************
                       ********************//**
    2 00000000         ; * @file     startup_M051Series.s
    3 00000000         ; * @version  V2.00
    4 00000000         ; * $Revision: 2 $
    5 00000000         ; * $Date: 4/09/12 2:22p $ 
    6 00000000         ; * @brief    M051 Series Startup Source File
    7 00000000         ; *
    8 00000000         ; * @note
    9 00000000         ; * Copyright (C) 2011 Nuvoton Technology Corp. All righ
                       ts reserved.
   10 00000000         ; *
   11 00000000         ; *                                                     
                               modified by Keil
   12 00000000         ; ******************************************************
                       ************************/
   13 00000000         
   14 00000000         ; *------- <<< Use Configuration Wizard in Context Menu 
                       >>> ------------------
   15 00000000         
   16 00000000         ;;;;;;;;;;;;;;;;;;;;;;;;;;;;;;;;;;;;;;;;;;;;;;;;;;;
   17 00000000         
   18 00000000                 GBLL             SEMIHOSTED
   19 00000000 FALSE    
                       SEMIHOSTED
                               SETL             {FALSE}
   20 00000000         
   21 00000000         
   22 00000000         ;;;;;;;;;;;;;;;;;;;;;;;;;;;;;;;;;;;;;;;;;;;;;;;;;;;
   23 00000000         
   24 00000000         
   25 00000000         ; <h> Stack Configuration
   26 00000000         ;   <o> Stack Size (in Bytes) <0x0-0xFFFFFFFF:8>
   27 00000000         ; </h>
   28 00000000         
   29 00000000 00000200 
                       Stack_Size
                               EQU              0x00000200
   30 00000000         
   31 00000000                 AREA             STACK, NOINIT, READWRITE, ALIGN
=3
   32 00000000         Stack_Mem
                               SPACE            Stack_Size
   33 00000200         __initial_sp
   34 00000200         
   35 00000200         
   36 00000200         ; <h> Heap Configuration
   37 00000200         ;   <o>  Heap Size (in Bytes) <0x0-0xFFFFFFFF:8>
   38 00000200         ; </h>
   39 00000200         
   40 00000200 00000000 
                       Heap_Size
                               EQU              0x00000000
   41 00000200         
   42 00000200                 AREA             HEAP, NOINIT, READWRITE, ALIGN=
3
   43 00000000         __heap_base
   44 00000000         Heap_Mem
                               SPACE            Heap_Size



ARM Macro Assembler    Page 2 


   45 00000000         __heap_limit
   46 00000000         
   47 00000000         
   48 00000000                 PRESERVE8
   49 00000000                 THUMB
   50 00000000         
   51 00000000         
   52 00000000         ; Vector Table Mapped to Address 0 at Reset
   53 00000000                 AREA             RESET, DATA, READONLY
   54 00000000                 EXPORT           __Vectors
   55 00000000         
   56 00000000 00000000 
                       __Vectors
                               DCD              __initial_sp ; Top of Stack
   57 00000004 00000000        DCD              Reset_Handler ; Reset Handler
   58 00000008 00000000        DCD              NMI_Handler ; NMI Handler
   59 0000000C 00000000        DCD              HardFault_Handler ; Hard Fault 
                                                            Handler
   60 00000010 00000000        DCD              0           ; Reserved
   61 00000014 00000000        DCD              0           ; Reserved
   62 00000018 00000000        DCD              0           ; Reserved
   63 0000001C 00000000        DCD              0           ; Reserved
   64 00000020 00000000        DCD              0           ; Reserved
   65 00000024 00000000        DCD              0           ; Reserved
   66 00000028 00000000        DCD              0           ; Reserved
   67 0000002C 00000000        DCD              SVC_Handler ; SVCall Handler
   68 00000030 00000000        DCD              0           ; Reserved
   69 00000034 00000000        DCD              0           ; Reserved
   70 00000038 00000000        DCD              PendSV_Handler ; PendSV Handler
                                                            
   71 0000003C 00000000        DCD              SysTick_Handler 
                                                            ; SysTick Handler
   72 00000040         
   73 00000040         ; External Interrupts
   74 00000040         ; maximum of 32 External Interrupts are possible
   75 00000040 00000000        DCD              BOD_IRQHandler
   76 00000044 00000000        DCD              WDT_IRQHandler
   77 00000048 00000000        DCD              EINT0_IRQHandler
   78 0000004C 00000000        DCD              EINT1_IRQHandler
   79 00000050 00000000        DCD              GPIOP0P1_IRQHandler
   80 00000054 00000000        DCD              GPIOP2P3P4_IRQHandler
   81 00000058 00000000        DCD              PWMA_IRQHandler
   82 0000005C 00000000        DCD              PWMB_IRQHandler
   83 00000060 00000000        DCD              TMR0_IRQHandler
   84 00000064 00000000        DCD              TMR1_IRQHandler
   85 00000068 00000000        DCD              TMR2_IRQHandler
   86 0000006C 00000000        DCD              TMR3_IRQHandler
   87 00000070 00000000        DCD              UART0_IRQHandler
   88 00000074 00000000        DCD              UART1_IRQHandler
   89 00000078 00000000        DCD              SPI0_IRQHandler
   90 0000007C 00000000        DCD              SPI1_IRQHandler
   91 00000080 00000000        DCD              Default_Handler
   92 00000084 00000000        DCD              Default_Handler
   93 00000088 00000000        DCD              I2C0_IRQHandler
   94 0000008C 00000000        DCD              I2C1_IRQHandler
   95 00000090 00000000        DCD              Default_Handler
   96 00000094 00000000        DCD              Default_Handler
   97 00000098 00000000        DCD              Default_Handler
   98 0000009C 00000000        DCD              Default_Handler



ARM Macro Assembler    Page 3 


   99 000000A0 00000000        DCD              Default_Handler
  100 000000A4 00000000        DCD              ACMP0_IRQHandler
  101 000000A8 00000000        DCD              ACMP1_IRQHandler
  102 000000AC 00000000        DCD              Default_Handler
  103 000000B0 00000000        DCD              PWRWU_IRQHandler
  104 000000B4 00000000        DCD              ADC_IRQHandler
  105 000000B8 00000000        DCD              Default_Handler
  106 000000BC 00000000        DCD              RTC_IRQHandler
  107 000000C0         
  108 000000C0         
  109 000000C0                 AREA             |.text|, CODE, READONLY
  110 00000000         
  111 00000000         
  112 00000000         
  113 00000000         ; Reset Handler 
  114 00000000         
  115 00000000         ;                ENTRY   ; modified by Keil
  116 00000000         
  117 00000000         Reset_Handler
                               PROC
  118 00000000                 EXPORT           Reset_Handler             [WEAK
]
  119 00000000                 IMPORT           SystemInit
  120 00000000                 IMPORT           __main
  121 00000000         
  122 00000000 480D            LDR              R0, =0x50000100
  123 00000002         ; Unlock Register                
  124 00000002         
  125 00000002 490E            LDR              R1, =0x59
  126 00000004 6001            STR              R1, [R0]
  127 00000006 490E            LDR              R1, =0x16
  128 00000008 6001            STR              R1, [R0]
  129 0000000A 490E            LDR              R1, =0x88
  130 0000000C 6001            STR              R1, [R0]
  131 0000000E         
  132 0000000E         ; Init POR
  133 0000000E 4A0E            LDR              R2, =0x50000024
  134 00000010 490E            LDR              R1, =0x00005AA5
  135 00000012 6011            STR              R1, [R2]
  136 00000014         
  137 00000014         ; Lock register
  138 00000014 2100            MOVS             R1, #0
  139 00000016 6001            STR              R1, [R0]
  140 00000018 480D            LDR              R0, =SystemInit
  141 0000001A 4780            BLX              R0
  142 0000001C 480D            LDR              R0, =__main
  143 0000001E 4700            BX               R0
  144 00000020                 ENDP
  145 00000020         
  146 00000020         
  147 00000020         
  148 00000020         ; Dummy Exception Handlers (infinite loops which can be 
                       modified)                
  149 00000020         
  150 00000020         NMI_Handler
                               PROC
  151 00000020                 EXPORT           NMI_Handler               [WEAK
]
  152 00000020 E7FE            B                .



ARM Macro Assembler    Page 4 


  153 00000022                 ENDP
  155 00000022         HardFault_Handler
                               PROC
  156 00000022                 EXPORT           HardFault_Handler         [WEAK
]
  157 00000022                 IF               SEMIHOSTED
  169                          ENDIF
  170 00000022         
  171 00000022 E7FE            B                .
  172 00000024                 ENDP
  173 00000024         SVC_Handler
                               PROC
  174 00000024                 EXPORT           SVC_Handler               [WEAK
]
  175 00000024 E7FE            B                .
  176 00000026                 ENDP
  177 00000026         PendSV_Handler
                               PROC
  178 00000026                 EXPORT           PendSV_Handler            [WEAK
]
  179 00000026 E7FE            B                .
  180 00000028                 ENDP
  181 00000028         SysTick_Handler
                               PROC
  182 00000028                 EXPORT           SysTick_Handler           [WEAK
]
  183 00000028 E7FE            B                .
  184 0000002A                 ENDP
  185 0000002A         
  186 0000002A         Default_Handler
                               PROC
  187 0000002A         
  188 0000002A                 EXPORT           BOD_IRQHandler            [WEAK
]
  189 0000002A                 EXPORT           WDT_IRQHandler            [WEAK
]
  190 0000002A                 EXPORT           EINT0_IRQHandler          [WEAK
]
  191 0000002A                 EXPORT           EINT1_IRQHandler          [WEAK
]
  192 0000002A                 EXPORT           GPIOP0P1_IRQHandler       [WEAK
]
  193 0000002A                 EXPORT           GPIOP2P3P4_IRQHandler     [WEAK
]
  194 0000002A                 EXPORT           PWMA_IRQHandler           [WEAK
]
  195 0000002A                 EXPORT           PWMB_IRQHandler           [WEAK
]
  196 0000002A                 EXPORT           TMR0_IRQHandler           [WEAK
]
  197 0000002A                 EXPORT           TMR1_IRQHandler           [WEAK
]
  198 0000002A                 EXPORT           TMR2_IRQHandler           [WEAK
]
  199 0000002A                 EXPORT           TMR3_IRQHandler           [WEAK
]
  200 0000002A                 EXPORT           UART0_IRQHandler          [WEAK
]
  201 0000002A                 EXPORT           UART1_IRQHandler          [WEAK



ARM Macro Assembler    Page 5 


]
  202 0000002A                 EXPORT           SPI0_IRQHandler           [WEAK
]
  203 0000002A                 EXPORT           SPI1_IRQHandler           [WEAK
]
  204 0000002A                 EXPORT           I2C0_IRQHandler           [WEAK
]
  205 0000002A                 EXPORT           I2C1_IRQHandler           [WEAK
]
  206 0000002A                 EXPORT           ACMP0_IRQHandler          [WEAK
]
  207 0000002A                 EXPORT           ACMP1_IRQHandler          [WEAK
]
  208 0000002A                 EXPORT           PWRWU_IRQHandler          [WEAK
]
  209 0000002A                 EXPORT           ADC_IRQHandler            [WEAK
]
  210 0000002A                 EXPORT           RTC_IRQHandler            [WEAK
]
  211 0000002A         
  212 0000002A         BOD_IRQHandler
  213 0000002A         WDT_IRQHandler
  214 0000002A         EINT0_IRQHandler
  215 0000002A         EINT1_IRQHandler
  216 0000002A         GPIOP0P1_IRQHandler
  217 0000002A         GPIOP2P3P4_IRQHandler
  218 0000002A         PWMA_IRQHandler
  219 0000002A         PWMB_IRQHandler
  220 0000002A         TMR0_IRQHandler
  221 0000002A         TMR1_IRQHandler
  222 0000002A         TMR2_IRQHandler
  223 0000002A         TMR3_IRQHandler
  224 0000002A         UART0_IRQHandler
  225 0000002A         UART1_IRQHandler
  226 0000002A         SPI0_IRQHandler
  227 0000002A         SPI1_IRQHandler
  228 0000002A         I2C0_IRQHandler
  229 0000002A         I2C1_IRQHandler
  230 0000002A         ACMP0_IRQHandler
  231 0000002A         ACMP1_IRQHandler
  232 0000002A         PWRWU_IRQHandler
  233 0000002A         ADC_IRQHandler
  234 0000002A         RTC_IRQHandler
  235 0000002A E7FE            B                .
  236 0000002C                 ENDP
  237 0000002C         
  238 0000002C         
  239 0000002C                 ALIGN
  240 0000002C         
  241 0000002C         
  242 0000002C         ; User Initial Stack & Heap
  243 0000002C         
  244 0000002C                 IF               :DEF:__MICROLIB
  251 0000002C         
  252 0000002C                 IMPORT           __use_two_region_memory
  253 0000002C                 EXPORT           __user_initial_stackheap
  254 0000002C         __user_initial_stackheap
  255 0000002C         
  256 0000002C 480A            LDR              R0, =  Heap_Mem



ARM Macro Assembler    Page 6 


  257 0000002E 490B            LDR              R1, = (Stack_Mem + Stack_Size)
  258 00000030 4A09            LDR              R2, = (Heap_Mem +  Heap_Size)
  259 00000032 4B0B            LDR              R3, = Stack_Mem
  260 00000034 4770            BX               LR
  261 00000036         
  262 00000036 00 00           ALIGN
  263 00000038         
  264 00000038                 ENDIF
  265 00000038                 IF               SEMIHOSTED
  297                          ENDIF
  298 00000038         
  299 00000038         
  300 00000038                 END
              50000100 
              00000059 
              00000016 
              00000088 
              50000024 
              00005AA5 
              00000000 
              00000000 
              00000000 
              00000200 
              00000000 
Command Line: --debug --xref --cpu=Cortex-M0 --apcs=interwork --depend=.\startu
p_m051series.d -o.\startup_m051series.o -I"D:\Program Files (x86)\Keil\ARM\RV31
\INC" -I"D:\Program Files (x86)\Keil\ARM\PACK\ARM\CMSIS\3.20.3\CMSIS\Include" -
I"D:\Program Files (x86)\Keil\ARM\Inc\Nuvoton\M051Series" --list=.\startup_m051
series.lst startup_M051Series.s



ARM Macro Assembler    Page 1 Alphabetic symbol ordering
Relocatable symbols

STACK 00000000

Symbol: STACK
   Definitions
      At line 31 in file startup_M051Series.s
   Uses
      None
Comment: STACK unused
Stack_Mem 00000000

Symbol: Stack_Mem
   Definitions
      At line 32 in file startup_M051Series.s
   Uses
      At line 257 in file startup_M051Series.s
      At line 259 in file startup_M051Series.s

__initial_sp 00000200

Symbol: __initial_sp
   Definitions
      At line 33 in file startup_M051Series.s
   Uses
      At line 56 in file startup_M051Series.s
Comment: __initial_sp used once
3 symbols



ARM Macro Assembler    Page 1 Alphabetic symbol ordering
Relocatable symbols

HEAP 00000000

Symbol: HEAP
   Definitions
      At line 42 in file startup_M051Series.s
   Uses
      None
Comment: HEAP unused
Heap_Mem 00000000

Symbol: Heap_Mem
   Definitions
      At line 44 in file startup_M051Series.s
   Uses
      At line 256 in file startup_M051Series.s
      At line 258 in file startup_M051Series.s

__heap_base 00000000

Symbol: __heap_base
   Definitions
      At line 43 in file startup_M051Series.s
   Uses
      None
Comment: __heap_base unused
__heap_limit 00000000

Symbol: __heap_limit
   Definitions
      At line 45 in file startup_M051Series.s
   Uses
      None
Comment: __heap_limit unused
4 symbols



ARM Macro Assembler    Page 1 Alphabetic symbol ordering
Relocatable symbols

RESET 00000000

Symbol: RESET
   Definitions
      At line 53 in file startup_M051Series.s
   Uses
      None
Comment: RESET unused
__Vectors 00000000

Symbol: __Vectors
   Definitions
      At line 56 in file startup_M051Series.s
   Uses
      At line 54 in file startup_M051Series.s
Comment: __Vectors used once
2 symbols



ARM Macro Assembler    Page 1 Alphabetic symbol ordering
Relocatable symbols

.text 00000000

Symbol: .text
   Definitions
      At line 109 in file startup_M051Series.s
   Uses
      None
Comment: .text unused
ACMP0_IRQHandler 0000002A

Symbol: ACMP0_IRQHandler
   Definitions
      At line 230 in file startup_M051Series.s
   Uses
      At line 100 in file startup_M051Series.s
      At line 206 in file startup_M051Series.s

ACMP1_IRQHandler 0000002A

Symbol: ACMP1_IRQHandler
   Definitions
      At line 231 in file startup_M051Series.s
   Uses
      At line 101 in file startup_M051Series.s
      At line 207 in file startup_M051Series.s

ADC_IRQHandler 0000002A

Symbol: ADC_IRQHandler
   Definitions
      At line 233 in file startup_M051Series.s
   Uses
      At line 104 in file startup_M051Series.s
      At line 209 in file startup_M051Series.s

BOD_IRQHandler 0000002A

Symbol: BOD_IRQHandler
   Definitions
      At line 212 in file startup_M051Series.s
   Uses
      At line 75 in file startup_M051Series.s
      At line 188 in file startup_M051Series.s

Default_Handler 0000002A

Symbol: Default_Handler
   Definitions
      At line 186 in file startup_M051Series.s
   Uses
      At line 91 in file startup_M051Series.s
      At line 92 in file startup_M051Series.s
      At line 95 in file startup_M051Series.s
      At line 96 in file startup_M051Series.s
      At line 97 in file startup_M051Series.s
      At line 98 in file startup_M051Series.s
      At line 99 in file startup_M051Series.s
      At line 102 in file startup_M051Series.s
      At line 105 in file startup_M051Series.s



ARM Macro Assembler    Page 2 Alphabetic symbol ordering
Relocatable symbols


EINT0_IRQHandler 0000002A

Symbol: EINT0_IRQHandler
   Definitions
      At line 214 in file startup_M051Series.s
   Uses
      At line 77 in file startup_M051Series.s
      At line 190 in file startup_M051Series.s

EINT1_IRQHandler 0000002A

Symbol: EINT1_IRQHandler
   Definitions
      At line 215 in file startup_M051Series.s
   Uses
      At line 78 in file startup_M051Series.s
      At line 191 in file startup_M051Series.s

GPIOP0P1_IRQHandler 0000002A

Symbol: GPIOP0P1_IRQHandler
   Definitions
      At line 216 in file startup_M051Series.s
   Uses
      At line 79 in file startup_M051Series.s
      At line 192 in file startup_M051Series.s

GPIOP2P3P4_IRQHandler 0000002A

Symbol: GPIOP2P3P4_IRQHandler
   Definitions
      At line 217 in file startup_M051Series.s
   Uses
      At line 80 in file startup_M051Series.s
      At line 193 in file startup_M051Series.s

HardFault_Handler 00000022

Symbol: HardFault_Handler
   Definitions
      At line 155 in file startup_M051Series.s
   Uses
      At line 59 in file startup_M051Series.s
      At line 156 in file startup_M051Series.s

I2C0_IRQHandler 0000002A

Symbol: I2C0_IRQHandler
   Definitions
      At line 228 in file startup_M051Series.s
   Uses
      At line 93 in file startup_M051Series.s
      At line 204 in file startup_M051Series.s

I2C1_IRQHandler 0000002A

Symbol: I2C1_IRQHandler
   Definitions



ARM Macro Assembler    Page 3 Alphabetic symbol ordering
Relocatable symbols

      At line 229 in file startup_M051Series.s
   Uses
      At line 94 in file startup_M051Series.s
      At line 205 in file startup_M051Series.s

NMI_Handler 00000020

Symbol: NMI_Handler
   Definitions
      At line 150 in file startup_M051Series.s
   Uses
      At line 58 in file startup_M051Series.s
      At line 151 in file startup_M051Series.s

PWMA_IRQHandler 0000002A

Symbol: PWMA_IRQHandler
   Definitions
      At line 218 in file startup_M051Series.s
   Uses
      At line 81 in file startup_M051Series.s
      At line 194 in file startup_M051Series.s

PWMB_IRQHandler 0000002A

Symbol: PWMB_IRQHandler
   Definitions
      At line 219 in file startup_M051Series.s
   Uses
      At line 82 in file startup_M051Series.s
      At line 195 in file startup_M051Series.s

PWRWU_IRQHandler 0000002A

Symbol: PWRWU_IRQHandler
   Definitions
      At line 232 in file startup_M051Series.s
   Uses
      At line 103 in file startup_M051Series.s
      At line 208 in file startup_M051Series.s

PendSV_Handler 00000026

Symbol: PendSV_Handler
   Definitions
      At line 177 in file startup_M051Series.s
   Uses
      At line 70 in file startup_M051Series.s
      At line 178 in file startup_M051Series.s

RTC_IRQHandler 0000002A

Symbol: RTC_IRQHandler
   Definitions
      At line 234 in file startup_M051Series.s
   Uses
      At line 106 in file startup_M051Series.s
      At line 210 in file startup_M051Series.s




ARM Macro Assembler    Page 4 Alphabetic symbol ordering
Relocatable symbols

Reset_Handler 00000000

Symbol: Reset_Handler
   Definitions
      At line 117 in file startup_M051Series.s
   Uses
      At line 57 in file startup_M051Series.s
      At line 118 in file startup_M051Series.s

SPI0_IRQHandler 0000002A

Symbol: SPI0_IRQHandler
   Definitions
      At line 226 in file startup_M051Series.s
   Uses
      At line 89 in file startup_M051Series.s
      At line 202 in file startup_M051Series.s

SPI1_IRQHandler 0000002A

Symbol: SPI1_IRQHandler
   Definitions
      At line 227 in file startup_M051Series.s
   Uses
      At line 90 in file startup_M051Series.s
      At line 203 in file startup_M051Series.s

SVC_Handler 00000024

Symbol: SVC_Handler
   Definitions
      At line 173 in file startup_M051Series.s
   Uses
      At line 67 in file startup_M051Series.s
      At line 174 in file startup_M051Series.s

SysTick_Handler 00000028

Symbol: SysTick_Handler
   Definitions
      At line 181 in file startup_M051Series.s
   Uses
      At line 71 in file startup_M051Series.s
      At line 182 in file startup_M051Series.s

TMR0_IRQHandler 0000002A

Symbol: TMR0_IRQHandler
   Definitions
      At line 220 in file startup_M051Series.s
   Uses
      At line 83 in file startup_M051Series.s
      At line 196 in file startup_M051Series.s

TMR1_IRQHandler 0000002A

Symbol: TMR1_IRQHandler
   Definitions
      At line 221 in file startup_M051Series.s



ARM Macro Assembler    Page 5 Alphabetic symbol ordering
Relocatable symbols

   Uses
      At line 84 in file startup_M051Series.s
      At line 197 in file startup_M051Series.s

TMR2_IRQHandler 0000002A

Symbol: TMR2_IRQHandler
   Definitions
      At line 222 in file startup_M051Series.s
   Uses
      At line 85 in file startup_M051Series.s
      At line 198 in file startup_M051Series.s

TMR3_IRQHandler 0000002A

Symbol: TMR3_IRQHandler
   Definitions
      At line 223 in file startup_M051Series.s
   Uses
      At line 86 in file startup_M051Series.s
      At line 199 in file startup_M051Series.s

UART0_IRQHandler 0000002A

Symbol: UART0_IRQHandler
   Definitions
      At line 224 in file startup_M051Series.s
   Uses
      At line 87 in file startup_M051Series.s
      At line 200 in file startup_M051Series.s

UART1_IRQHandler 0000002A

Symbol: UART1_IRQHandler
   Definitions
      At line 225 in file startup_M051Series.s
   Uses
      At line 88 in file startup_M051Series.s
      At line 201 in file startup_M051Series.s

WDT_IRQHandler 0000002A

Symbol: WDT_IRQHandler
   Definitions
      At line 213 in file startup_M051Series.s
   Uses
      At line 76 in file startup_M051Series.s
      At line 189 in file startup_M051Series.s

__user_initial_stackheap 0000002C

Symbol: __user_initial_stackheap
   Definitions
      At line 254 in file startup_M051Series.s
   Uses
      At line 253 in file startup_M051Series.s
Comment: __user_initial_stackheap used once
32 symbols



ARM Macro Assembler    Page 1 Alphabetic symbol ordering
Absolute symbols

Heap_Size 00000000

Symbol: Heap_Size
   Definitions
      At line 40 in file startup_M051Series.s
   Uses
      At line 44 in file startup_M051Series.s
      At line 258 in file startup_M051Series.s

Stack_Size 00000200

Symbol: Stack_Size
   Definitions
      At line 29 in file startup_M051Series.s
   Uses
      At line 32 in file startup_M051Series.s
      At line 257 in file startup_M051Series.s

2 symbols



ARM Macro Assembler    Page 1 Alphabetic symbol ordering
External symbols

SystemInit 00000000

Symbol: SystemInit
   Definitions
      At line 119 in file startup_M051Series.s
   Uses
      At line 140 in file startup_M051Series.s
Comment: SystemInit used once
__main 00000000

Symbol: __main
   Definitions
      At line 120 in file startup_M051Series.s
   Uses
      At line 142 in file startup_M051Series.s
Comment: __main used once
__use_two_region_memory 00000000

Symbol: __use_two_region_memory
   Definitions
      At line 252 in file startup_M051Series.s
   Uses
      None
Comment: __use_two_region_memory unused
3 symbols
381 symbols in table
